<?xml version="1.0" encoding="UTF-8"?>
<testng-results ignored="0" total="1" passed="1" failed="0" skipped="0">
  <reporter-output>
  </reporter-output>
  <suite started-at="2026-03-23T17:30:29 IST" name="Default suite" finished-at="2026-03-23T17:30:42 IST" duration-ms="13907">
    <groups>
    </groups>
    <test started-at="2026-03-23T17:30:29 IST" name="Default test" finished-at="2026-03-23T17:30:42 IST" duration-ms="13907">
      <class name="test.testClass">
        <test-method is-config="true" signature="setup()[pri:0, instance:test.testClass@34123d65]" started-at="2026-03-23T17:30:29 IST" name="setup" finished-at="2026-03-23T17:30:36 IST" duration-ms="7575" status="PASS">
          <reporter-output>
          </reporter-output>
        </test-method> <!-- setup -->
        <test-method signature="loginTest()[pri:0, instance:test.testClass@34123d65]" started-at="2026-03-23T17:30:36 IST" name="loginTest" finished-at="2026-03-23T17:30:42 IST" duration-ms="6230" status="PASS">
          <reporter-output>
          </reporter-output>
        </test-method> <!-- loginTest -->
        <test-method is-config="true" signature="tearDown()[pri:0, instance:test.testClass@34123d65]" started-at="2026-03-23T17:30:42 IST" name="tearDown" finished-at="2026-03-23T17:30:42 IST" duration-ms="4" status="PASS">
          <reporter-output>
          </reporter-output>
        </test-method> <!-- tearDown -->
      </class> <!-- test.testClass -->
    </test> <!-- Default test -->
  </suite> <!-- Default suite -->
</testng-results>
